2020-06-04 12:18:01,118 INFO com.oc.api.ApiApplication [main] Starting ApiApplication on charles with PID 24607 (/home/charles/Dev/OC_Bibliotheque_P10/api/target/classes started by charles in /home/charles/Dev/OC_Bibliotheque_P10)
2020-06-04 12:18:01,127 DEBUG com.oc.api.ApiApplication [main] Running with Spring Boot v2.2.1.RELEASE, Spring v5.2.1.RELEASE
2020-06-04 12:18:01,127 INFO com.oc.api.ApiApplication [main] No active profile set, falling back to default profiles: default
2020-06-04 12:18:05,008 DEBUG com.oc.api.configuration.SwaggerConfig$$EnhancerBySpringCGLIB$$c5c9f53b [main] Set Swagger2 documentation
2020-06-04 12:18:05,441 INFO com.oc.api.ApiApplication [main] Started ApiApplication in 4.708 seconds (JVM running for 5.21)
2020-06-04 18:43:35,237 INFO com.oc.api.ApiApplication [main] Starting ApiApplication on charles with PID 7467 (/home/charles/Dev/OC_Bibliotheque_P10/api/target/classes started by charles in /home/charles/Dev/OC_Bibliotheque_P10)
2020-06-04 18:43:35,239 DEBUG com.oc.api.ApiApplication [main] Running with Spring Boot v2.2.1.RELEASE, Spring v5.2.1.RELEASE
2020-06-04 18:43:35,240 INFO com.oc.api.ApiApplication [main] No active profile set, falling back to default profiles: default
2020-06-04 18:43:39,318 DEBUG com.oc.api.configuration.SwaggerConfig$$EnhancerBySpringCGLIB$$2da1f796 [main] Set Swagger2 documentation
2020-06-04 18:43:39,740 INFO com.oc.api.ApiApplication [main] Started ApiApplication in 4.817 seconds (JVM running for 5.281)
2020-06-04 18:44:27,022 INFO com.oc.api.web.controllers.BookController [http-nio-9001-exec-1] Providing book resource from database: all book list
2020-06-04 18:44:27,184 DEBUG com.oc.api.web.controllers.BookController [http-nio-9001-exec-1] Splitting query, query: 
2020-06-04 18:44:27,434 INFO com.oc.api.web.controllers.AvailableCopieController [http-nio-9001-exec-2] Providing availablecopie resource from database: all availablecopie list
2020-06-04 18:44:34,790 INFO com.oc.api.web.controllers.RegisteredUserController [http-nio-9001-exec-4] Search user by email: agetten.dev@gmail.com
2020-06-04 18:44:34,953 INFO com.oc.api.web.controllers.BookController [http-nio-9001-exec-5] Providing book resource from database: all book list
2020-06-04 18:44:34,955 DEBUG com.oc.api.web.controllers.BookController [http-nio-9001-exec-5] Splitting query, query: 
2020-06-04 18:44:35,031 INFO com.oc.api.web.controllers.AvailableCopieController [http-nio-9001-exec-6] Providing availablecopie resource from database: all availablecopie list
2020-06-04 18:44:35,136 INFO com.oc.api.web.controllers.ReservationController [http-nio-9001-exec-7] Providing reservation list for registered user from database: user id: 2
2020-06-04 18:44:35,261 INFO com.oc.api.web.controllers.BorrowController [http-nio-9001-exec-8] Providing borrow resources from database by user id: 2
2020-06-04 18:44:45,988 INFO com.oc.api.web.controllers.BorrowController [http-nio-9001-exec-10] Providing borrow resources from database by user id: 2
2020-06-04 18:44:46,071 INFO com.oc.api.web.controllers.ReservationController [http-nio-9001-exec-1] Providing reservation list for registered user from database: user id: 2
2020-06-04 18:45:09,535 INFO com.oc.api.web.controllers.ReservationController [http-nio-9001-exec-2] Deleting reservation from database: id: 2
2020-06-04 18:45:09,678 INFO com.oc.api.web.controllers.BorrowController [http-nio-9001-exec-3] Providing borrow resources from database by user id: 2
2020-06-04 18:45:09,761 INFO com.oc.api.web.controllers.ReservationController [http-nio-9001-exec-4] Providing reservation list for registered user from database: user id: 2
