2020-05-15 16:11:31,775 INFO com.oc.batch.BatchApplication [main] No active profile set, falling back to default profiles: default
2020-05-15 16:11:36,357 INFO com.oc.batch.BatchApplication [main] Started BatchApplication in 5.633 seconds (JVM running for 6.51)
2020-05-15 16:13:00,000 DEBUG com.oc.batch.service.impl.EmailServiceImpl [scheduling-1] Deleting outdated reservations
2020-05-15 16:13:00,246 ERROR org.springframework.scheduling.support.TaskUtils$LoggingErrorHandler [scheduling-1] Unexpected error occurred in scheduled task
java.lang.NullPointerException: null
	at com.oc.batch.service.impl.EmailServiceImpl.deleteOutDatedReservations(EmailServiceImpl.java:120)
	at com.oc.batch.service.impl.EmailServiceImpl.launchingReservationDailyTask(EmailServiceImpl.java:69)
	at sun.reflect.NativeMethodAccessorImpl.invoke0(Native Method)
	at sun.reflect.NativeMethodAccessorImpl.invoke(NativeMethodAccessorImpl.java:62)
	at sun.reflect.DelegatingMethodAccessorImpl.invoke(DelegatingMethodAccessorImpl.java:43)
	at java.lang.reflect.Method.invoke(Method.java:498)
	at org.springframework.scheduling.support.ScheduledMethodRunnable.run(ScheduledMethodRunnable.java:84)
	at org.springframework.scheduling.support.DelegatingErrorHandlingRunnable.run(DelegatingErrorHandlingRunnable.java:54)
	at org.springframework.scheduling.concurrent.ReschedulingRunnable.run(ReschedulingRunnable.java:93)
	at java.util.concurrent.Executors$RunnableAdapter.call(Executors.java:511)
	at java.util.concurrent.FutureTask.run(FutureTask.java:266)
	at java.util.concurrent.ScheduledThreadPoolExecutor$ScheduledFutureTask.access$201(ScheduledThreadPoolExecutor.java:180)
	at java.util.concurrent.ScheduledThreadPoolExecutor$ScheduledFutureTask.run(ScheduledThreadPoolExecutor.java:293)
	at java.util.concurrent.ThreadPoolExecutor.runWorker(ThreadPoolExecutor.java:1149)
	at java.util.concurrent.ThreadPoolExecutor$Worker.run(ThreadPoolExecutor.java:624)
	at java.lang.Thread.run(Thread.java:748)
2020-05-15 16:17:29,351 INFO com.oc.batch.BatchApplication [main] No active profile set, falling back to default profiles: default
2020-05-15 16:17:30,854 INFO com.oc.batch.BatchApplication [main] Started BatchApplication in 2.359 seconds (JVM running for 3.884)
2020-05-15 16:19:16,124 DEBUG com.oc.batch.service.impl.EmailServiceImpl [scheduling-1] Deleting outdated reservations
2020-05-15 16:19:56,352 INFO com.oc.batch.service.impl.EmailServiceImpl [scheduling-1] Sending notification emails for available reservations
2020-05-15 16:20:10,638 DEBUG com.oc.batch.service.impl.EmailServiceImpl [scheduling-1] Generating mail data for reservation, id:3
2020-05-15 16:30:39,632 INFO com.oc.batch.BatchApplication [main] No active profile set, falling back to default profiles: default
2020-05-15 16:30:41,722 INFO com.oc.batch.BatchApplication [main] Started BatchApplication in 3.235 seconds (JVM running for 3.823)
2020-05-15 16:32:00,001 DEBUG com.oc.batch.service.impl.EmailServiceImpl [scheduling-1] Deleting outdated reservations
2020-05-15 16:32:00,328 INFO com.oc.batch.service.impl.EmailServiceImpl [scheduling-1] Sending notification emails for available reservations
2020-05-15 16:32:00,409 DEBUG com.oc.batch.service.impl.EmailServiceImpl [scheduling-1] Generating mail data for reservation, id:3
2020-05-15 17:21:30,001 INFO com.oc.batch.service.impl.EmailServiceImpl [scheduling-1] Sending emails for late borrows
2020-05-15 17:21:30,109 DEBUG com.oc.batch.service.impl.EmailServiceImpl [scheduling-1] Generating mail data for late borrow, id:3
2020-05-15 17:21:31,554 DEBUG com.oc.batch.service.impl.EmailServiceImpl [scheduling-1] Generating mail data for late borrow, id:4
