2020-05-07 10:39:24,657 INFO com.oc.api.ApiApplication [main] Starting ApiApplication on charles with PID 13610 (/home/charles/Dev/OC_Bibliotheque_P10/api/target/classes started by charles in /home/charles/Dev/OC_Bibliotheque_P10)
2020-05-07 10:39:24,662 DEBUG com.oc.api.ApiApplication [main] Running with Spring Boot v2.2.1.RELEASE, Spring v5.2.1.RELEASE
2020-05-07 10:39:24,662 INFO com.oc.api.ApiApplication [main] No active profile set, falling back to default profiles: default
2020-05-07 10:39:28,566 DEBUG com.oc.api.configuration.SwaggerConfig$$EnhancerBySpringCGLIB$$6edf3d55 [main] Set Swagger2 documentation
2020-05-07 10:39:29,125 INFO com.oc.api.ApiApplication [main] Started ApiApplication in 4.778 seconds (JVM running for 5.277)
2020-05-07 10:41:49,466 INFO com.oc.api.ApiApplication [main] Starting ApiApplication on charles with PID 13926 (/home/charles/Dev/OC_Bibliotheque_P10/api/target/classes started by charles in /home/charles/Dev/OC_Bibliotheque_P10)
2020-05-07 10:41:49,470 DEBUG com.oc.api.ApiApplication [main] Running with Spring Boot v2.2.1.RELEASE, Spring v5.2.1.RELEASE
2020-05-07 10:41:49,471 INFO com.oc.api.ApiApplication [main] No active profile set, falling back to default profiles: default
2020-05-07 10:41:53,478 DEBUG com.oc.api.configuration.SwaggerConfig$$EnhancerBySpringCGLIB$$60dc896b [main] Set Swagger2 documentation
2020-05-07 10:41:53,936 INFO com.oc.api.ApiApplication [main] Started ApiApplication in 4.956 seconds (JVM running for 5.422)
2020-05-07 10:45:20,760 INFO com.oc.api.web.controllers.BookController [http-nio-9001-exec-1] Providing book resource from database: all book list
2020-05-07 10:45:20,907 DEBUG com.oc.api.web.controllers.BookController [http-nio-9001-exec-1] Splitting query, query: 
2020-05-07 10:45:21,101 INFO com.oc.api.web.controllers.AvailableCopieController [http-nio-9001-exec-2] Providing availablecopie resource from database: all availablecopie list
2020-05-07 10:45:42,439 INFO com.oc.api.web.controllers.RegisteredUserController [http-nio-9001-exec-4] Search user by email: ccathala.dev@gmail.com
2020-05-07 10:45:42,626 INFO com.oc.api.web.controllers.BookController [http-nio-9001-exec-5] Providing book resource from database: all book list
2020-05-07 10:45:42,629 DEBUG com.oc.api.web.controllers.BookController [http-nio-9001-exec-5] Splitting query, query: 
2020-05-07 10:45:42,703 INFO com.oc.api.web.controllers.AvailableCopieController [http-nio-9001-exec-6] Providing availablecopie resource from database: all availablecopie list
2020-05-07 10:45:50,733 INFO com.oc.api.web.controllers.BorrowController [http-nio-9001-exec-8] Providing borrow resources from database by user id: 1
2020-05-07 10:45:55,022 INFO com.oc.api.web.controllers.BorrowController [http-nio-9001-exec-9] Providing borrow resource from database: borrow id: 1
2020-05-07 10:45:55,178 INFO com.oc.api.web.controllers.BorrowController [http-nio-9001-exec-10] Updating borrow in database, id: 1
2020-05-07 10:45:55,342 INFO com.oc.api.web.controllers.BorrowController [http-nio-9001-exec-1] Providing borrow resources from database by user id: 1
2020-05-07 10:46:03,028 INFO com.oc.api.web.controllers.BookController [http-nio-9001-exec-3] Providing book resource from database: all book list
2020-05-07 10:46:03,031 DEBUG com.oc.api.web.controllers.BookController [http-nio-9001-exec-3] Splitting query, query: anneau
2020-05-07 10:46:03,103 INFO com.oc.api.web.controllers.AvailableCopieController [http-nio-9001-exec-4] Providing availablecopie resource from database: all availablecopie list
2020-05-07 10:47:09,633 INFO com.oc.api.web.controllers.BookController [http-nio-9001-exec-5] Providing book resource from database: all book list
2020-05-07 10:47:09,649 DEBUG com.oc.api.web.controllers.BookController [http-nio-9001-exec-5] Splitting query, query: 
2020-05-07 10:47:09,723 INFO com.oc.api.web.controllers.AvailableCopieController [http-nio-9001-exec-6] Providing availablecopie resource from database: all availablecopie list
2020-05-07 11:01:19,819 INFO com.oc.api.ApiApplication [main] Starting ApiApplication on charles with PID 14718 (/home/charles/Dev/OC_Bibliotheque_P10/api/target/classes started by charles in /home/charles/Dev/OC_Bibliotheque_P10)
2020-05-07 11:01:19,828 DEBUG com.oc.api.ApiApplication [main] Running with Spring Boot v2.2.1.RELEASE, Spring v5.2.1.RELEASE
2020-05-07 11:01:19,828 INFO com.oc.api.ApiApplication [main] No active profile set, falling back to default profiles: default
2020-05-07 11:01:24,262 DEBUG com.oc.api.configuration.SwaggerConfig$$EnhancerBySpringCGLIB$$212b05af [main] Set Swagger2 documentation
2020-05-07 11:01:24,711 INFO com.oc.api.ApiApplication [main] Started ApiApplication in 5.235 seconds (JVM running for 5.779)
2020-05-07 11:05:22,830 INFO com.oc.api.web.controllers.BookController [http-nio-9001-exec-3] Providing book resource from database: all book list
2020-05-07 11:05:23,031 DEBUG com.oc.api.web.controllers.BookController [http-nio-9001-exec-3] Splitting query, query: 
2020-05-07 11:05:23,203 INFO com.oc.api.web.controllers.AvailableCopieController [http-nio-9001-exec-4] Providing availablecopie resource from database: all availablecopie list
2020-05-07 11:09:12,264 INFO com.oc.api.web.controllers.BookController [http-nio-9001-exec-7] Providing book resource from database: all book list
2020-05-07 11:09:12,285 DEBUG com.oc.api.web.controllers.BookController [http-nio-9001-exec-7] Splitting query, query: 
2020-05-07 11:09:12,365 INFO com.oc.api.web.controllers.AvailableCopieController [http-nio-9001-exec-8] Providing availablecopie resource from database: all availablecopie list
2020-05-07 11:13:03,599 INFO com.oc.api.web.controllers.BookController [http-nio-9001-exec-10] Providing book resource from database: all book list
2020-05-07 11:13:03,608 DEBUG com.oc.api.web.controllers.BookController [http-nio-9001-exec-10] Splitting query, query: 
2020-05-07 11:13:03,696 INFO com.oc.api.web.controllers.AvailableCopieController [http-nio-9001-exec-1] Providing availablecopie resource from database: all availablecopie list
2020-05-07 11:18:39,905 INFO com.oc.api.web.controllers.BookController [http-nio-9001-exec-2] Providing book resource from database: all book list
2020-05-07 11:18:39,911 DEBUG com.oc.api.web.controllers.BookController [http-nio-9001-exec-2] Splitting query, query: 
2020-05-07 11:18:39,986 INFO com.oc.api.web.controllers.AvailableCopieController [http-nio-9001-exec-3] Providing availablecopie resource from database: all availablecopie list
2020-05-07 11:19:40,693 INFO com.oc.api.web.controllers.BookController [http-nio-9001-exec-5] Providing book resource from database: all book list
2020-05-07 11:19:40,696 DEBUG com.oc.api.web.controllers.BookController [http-nio-9001-exec-5] Splitting query, query: 
2020-05-07 11:19:40,769 INFO com.oc.api.web.controllers.AvailableCopieController [http-nio-9001-exec-6] Providing availablecopie resource from database: all availablecopie list
2020-05-07 11:20:23,460 INFO com.oc.api.web.controllers.BookController [http-nio-9001-exec-8] Providing book resource from database: all book list
2020-05-07 11:20:23,464 DEBUG com.oc.api.web.controllers.BookController [http-nio-9001-exec-8] Splitting query, query: 
2020-05-07 11:20:23,605 INFO com.oc.api.web.controllers.AvailableCopieController [http-nio-9001-exec-9] Providing availablecopie resource from database: all availablecopie list
2020-05-07 15:44:35,291 INFO com.oc.api.ApiApplication [main] Starting ApiApplication on charles with PID 7456 (/home/charles/Dev/OC_Bibliotheque_P10/api/target/classes started by charles in /home/charles/Dev/OC_Bibliotheque_P10)
2020-05-07 15:44:35,297 DEBUG com.oc.api.ApiApplication [main] Running with Spring Boot v2.2.1.RELEASE, Spring v5.2.1.RELEASE
2020-05-07 15:44:35,299 INFO com.oc.api.ApiApplication [main] No active profile set, falling back to default profiles: default
2020-05-07 15:44:40,309 DEBUG com.oc.api.configuration.SwaggerConfig$$EnhancerBySpringCGLIB$$56fac21c [main] Set Swagger2 documentation
2020-05-07 15:44:40,962 INFO com.oc.api.ApiApplication [main] Started ApiApplication in 6.438 seconds (JVM running for 7.336)
2020-05-07 15:45:31,576 INFO com.oc.api.web.controllers.BookController [http-nio-9001-exec-1] Providing book resource from database: all book list
2020-05-07 15:45:31,711 DEBUG com.oc.api.web.controllers.BookController [http-nio-9001-exec-1] Splitting query, query: 
2020-05-07 15:45:31,921 INFO com.oc.api.web.controllers.AvailableCopieController [http-nio-9001-exec-2] Providing availablecopie resource from database: all availablecopie list
2020-05-07 16:02:01,606 INFO com.oc.api.web.controllers.BookController [http-nio-9001-exec-4] Providing book resource from database: all book list
2020-05-07 16:02:01,612 DEBUG com.oc.api.web.controllers.BookController [http-nio-9001-exec-4] Splitting query, query: 
2020-05-07 16:02:01,761 INFO com.oc.api.web.controllers.AvailableCopieController [http-nio-9001-exec-5] Providing availablecopie resource from database: all availablecopie list
2020-05-07 16:10:24,244 INFO com.oc.api.web.controllers.BookController [http-nio-9001-exec-6] Providing book resource from database: all book list
2020-05-07 16:10:24,254 DEBUG com.oc.api.web.controllers.BookController [http-nio-9001-exec-6] Splitting query, query: 
2020-05-07 16:10:24,388 INFO com.oc.api.web.controllers.AvailableCopieController [http-nio-9001-exec-7] Providing availablecopie resource from database: all availablecopie list
2020-05-07 16:12:00,317 INFO com.oc.api.web.controllers.BookController [http-nio-9001-exec-9] Providing book resource from database: all book list
2020-05-07 16:12:00,320 DEBUG com.oc.api.web.controllers.BookController [http-nio-9001-exec-9] Splitting query, query: 
2020-05-07 16:12:00,446 INFO com.oc.api.web.controllers.AvailableCopieController [http-nio-9001-exec-10] Providing availablecopie resource from database: all availablecopie list
2020-05-07 16:13:31,253 INFO com.oc.api.web.controllers.BookController [http-nio-9001-exec-2] Providing book resource from database: all book list
2020-05-07 16:13:31,256 DEBUG com.oc.api.web.controllers.BookController [http-nio-9001-exec-2] Splitting query, query: 
2020-05-07 16:13:31,330 INFO com.oc.api.web.controllers.AvailableCopieController [http-nio-9001-exec-3] Providing availablecopie resource from database: all availablecopie list
2020-05-07 16:19:36,674 INFO com.oc.api.web.controllers.BookController [http-nio-9001-exec-5] Providing book resource from database: all book list
2020-05-07 16:19:36,687 DEBUG com.oc.api.web.controllers.BookController [http-nio-9001-exec-5] Splitting query, query: 
2020-05-07 16:19:36,836 INFO com.oc.api.web.controllers.AvailableCopieController [http-nio-9001-exec-6] Providing availablecopie resource from database: all availablecopie list
2020-05-07 16:50:27,931 INFO com.oc.api.web.controllers.BookController [http-nio-9001-exec-8] Providing book resource from database: all book list
2020-05-07 16:50:27,938 DEBUG com.oc.api.web.controllers.BookController [http-nio-9001-exec-8] Splitting query, query: 
2020-05-07 16:50:28,020 INFO com.oc.api.web.controllers.AvailableCopieController [http-nio-9001-exec-9] Providing availablecopie resource from database: all availablecopie list
2020-05-07 17:56:12,546 INFO com.oc.api.ApiApplication [main] Starting ApiApplication on charles with PID 11488 (/home/charles/Dev/OC_Bibliotheque_P10/api/target/classes started by charles in /home/charles/Dev/OC_Bibliotheque_P10)
2020-05-07 17:56:12,558 DEBUG com.oc.api.ApiApplication [main] Running with Spring Boot v2.2.1.RELEASE, Spring v5.2.1.RELEASE
2020-05-07 17:56:12,560 INFO com.oc.api.ApiApplication [main] No active profile set, falling back to default profiles: default
2020-05-07 17:56:18,358 DEBUG com.oc.api.configuration.SwaggerConfig$$EnhancerBySpringCGLIB$$c4176c06 [main] Set Swagger2 documentation
2020-05-07 17:56:18,936 INFO com.oc.api.ApiApplication [main] Started ApiApplication in 6.8 seconds (JVM running for 7.407)
2020-05-07 17:56:45,315 INFO com.oc.api.web.controllers.BookController [http-nio-9001-exec-1] Providing book resource from database: all book list
2020-05-07 17:56:45,467 DEBUG com.oc.api.web.controllers.BookController [http-nio-9001-exec-1] Splitting query, query: 
2020-05-07 17:56:45,695 INFO com.oc.api.web.controllers.AvailableCopieController [http-nio-9001-exec-2] Providing availablecopie resource from database: all availablecopie list
2020-05-07 18:00:49,398 INFO com.oc.api.web.controllers.BookController [http-nio-9001-exec-4] Providing book resource from database: all book list
2020-05-07 18:00:49,401 DEBUG com.oc.api.web.controllers.BookController [http-nio-9001-exec-4] Splitting query, query: 
2020-05-07 18:00:49,527 INFO com.oc.api.web.controllers.AvailableCopieController [http-nio-9001-exec-5] Providing availablecopie resource from database: all availablecopie list
2020-05-07 18:06:36,729 INFO com.oc.api.web.controllers.BookController [http-nio-9001-exec-7] Providing book resource from database: all book list
2020-05-07 18:06:36,742 DEBUG com.oc.api.web.controllers.BookController [http-nio-9001-exec-7] Splitting query, query: 
2020-05-07 18:06:36,903 INFO com.oc.api.web.controllers.AvailableCopieController [http-nio-9001-exec-8] Providing availablecopie resource from database: all availablecopie list
2020-05-07 18:11:40,138 INFO com.oc.api.web.controllers.BookController [http-nio-9001-exec-10] Providing book resource from database: all book list
2020-05-07 18:11:40,146 DEBUG com.oc.api.web.controllers.BookController [http-nio-9001-exec-10] Splitting query, query: 
2020-05-07 18:11:40,308 INFO com.oc.api.web.controllers.AvailableCopieController [http-nio-9001-exec-1] Providing availablecopie resource from database: all availablecopie list
2020-05-07 18:18:40,265 INFO com.oc.api.web.controllers.BookController [http-nio-9001-exec-3] Providing book resource from database: all book list
2020-05-07 18:18:40,278 DEBUG com.oc.api.web.controllers.BookController [http-nio-9001-exec-3] Splitting query, query: 
2020-05-07 18:18:40,410 INFO com.oc.api.web.controllers.AvailableCopieController [http-nio-9001-exec-4] Providing availablecopie resource from database: all availablecopie list
2020-05-07 18:19:35,562 INFO com.oc.api.web.controllers.BookController [http-nio-9001-exec-6] Providing book resource from database: all book list
2020-05-07 18:19:35,565 DEBUG com.oc.api.web.controllers.BookController [http-nio-9001-exec-6] Splitting query, query: 
2020-05-07 18:19:35,694 INFO com.oc.api.web.controllers.AvailableCopieController [http-nio-9001-exec-7] Providing availablecopie resource from database: all availablecopie list
2020-05-07 18:22:17,391 INFO com.oc.api.web.controllers.BookController [http-nio-9001-exec-9] Providing book resource from database: all book list
2020-05-07 18:22:17,394 DEBUG com.oc.api.web.controllers.BookController [http-nio-9001-exec-9] Splitting query, query: 
2020-05-07 18:22:17,549 INFO com.oc.api.web.controllers.AvailableCopieController [http-nio-9001-exec-10] Providing availablecopie resource from database: all availablecopie list
2020-05-07 18:23:20,839 INFO com.oc.api.web.controllers.BookController [http-nio-9001-exec-2] Providing book resource from database: all book list
2020-05-07 18:23:20,842 DEBUG com.oc.api.web.controllers.BookController [http-nio-9001-exec-2] Splitting query, query: 
2020-05-07 18:23:20,967 INFO com.oc.api.web.controllers.AvailableCopieController [http-nio-9001-exec-3] Providing availablecopie resource from database: all availablecopie list
2020-05-07 18:29:08,968 INFO com.oc.api.web.controllers.BookController [http-nio-9001-exec-5] Providing book resource from database: all book list
2020-05-07 18:29:08,981 DEBUG com.oc.api.web.controllers.BookController [http-nio-9001-exec-5] Splitting query, query: 
2020-05-07 18:29:09,114 INFO com.oc.api.web.controllers.AvailableCopieController [http-nio-9001-exec-6] Providing availablecopie resource from database: all availablecopie list
2020-05-07 18:34:56,884 INFO com.oc.api.web.controllers.BookController [http-nio-9001-exec-8] Providing book resource from database: all book list
2020-05-07 18:34:56,904 DEBUG com.oc.api.web.controllers.BookController [http-nio-9001-exec-8] Splitting query, query: 
2020-05-07 18:34:57,092 INFO com.oc.api.web.controllers.AvailableCopieController [http-nio-9001-exec-9] Providing availablecopie resource from database: all availablecopie list
2020-05-07 18:35:14,178 INFO com.oc.api.web.controllers.RegisteredUserController [http-nio-9001-exec-1] Search user by email: ccathala.dev@gmail.com
2020-05-07 18:35:14,380 INFO com.oc.api.web.controllers.BookController [http-nio-9001-exec-2] Providing book resource from database: all book list
2020-05-07 18:35:14,382 DEBUG com.oc.api.web.controllers.BookController [http-nio-9001-exec-2] Splitting query, query: 
2020-05-07 18:35:14,462 INFO com.oc.api.web.controllers.AvailableCopieController [http-nio-9001-exec-3] Providing availablecopie resource from database: all availablecopie list
2020-05-07 18:35:17,461 INFO com.oc.api.web.controllers.BookController [http-nio-9001-exec-4] Providing book resource from database: all book list
2020-05-07 18:35:17,465 DEBUG com.oc.api.web.controllers.BookController [http-nio-9001-exec-4] Splitting query, query: 
2020-05-07 18:35:17,540 INFO com.oc.api.web.controllers.AvailableCopieController [http-nio-9001-exec-5] Providing availablecopie resource from database: all availablecopie list
2020-05-07 18:40:19,278 INFO com.oc.api.web.controllers.BookController [http-nio-9001-exec-7] Providing book resource from database: all book list
2020-05-07 18:40:19,294 DEBUG com.oc.api.web.controllers.BookController [http-nio-9001-exec-7] Splitting query, query: 
2020-05-07 18:40:19,481 INFO com.oc.api.web.controllers.AvailableCopieController [http-nio-9001-exec-8] Providing availablecopie resource from database: all availablecopie list
