2020-06-01 11:17:04,195 INFO com.oc.api.ApiApplication [main] Starting ApiApplication on charles with PID 9638 (/home/charles/Dev/OC_Bibliotheque_P10/api/target/classes started by charles in /home/charles/Dev/OC_Bibliotheque_P10)
2020-06-01 11:17:04,200 DEBUG com.oc.api.ApiApplication [main] Running with Spring Boot v2.2.1.RELEASE, Spring v5.2.1.RELEASE
2020-06-01 11:17:04,200 INFO com.oc.api.ApiApplication [main] No active profile set, falling back to default profiles: default
2020-06-01 11:17:08,618 DEBUG com.oc.api.configuration.SwaggerConfig$$EnhancerBySpringCGLIB$$89f2559b [main] Set Swagger2 documentation
2020-06-01 11:17:09,057 INFO com.oc.api.ApiApplication [main] Started ApiApplication in 5.235 seconds (JVM running for 5.932)
2020-06-01 11:22:54,649 INFO com.oc.api.web.controllers.BorrowController [http-nio-9001-exec-2] Return borrow, id: 1
2020-06-01 11:24:49,104 INFO com.oc.api.web.controllers.BorrowController [http-nio-9001-exec-5] Return borrow, id: 2
2020-06-01 11:25:37,016 INFO com.oc.api.web.controllers.BookController [http-nio-9001-exec-6] Providing book resource from database: all book list
2020-06-01 11:25:37,168 DEBUG com.oc.api.web.controllers.BookController [http-nio-9001-exec-6] Splitting query, query: 
2020-06-01 11:25:37,375 INFO com.oc.api.web.controllers.AvailableCopieController [http-nio-9001-exec-7] Providing availablecopie resource from database: all availablecopie list
2020-06-01 11:43:58,896 INFO com.oc.api.web.controllers.ReservationController [http-nio-9001-exec-1] Deleting reservation from database: id: 2
2020-06-01 11:44:48,948 INFO com.oc.api.web.controllers.BookController [http-nio-9001-exec-2] Providing book resource from database: all book list
2020-06-01 11:44:48,951 DEBUG com.oc.api.web.controllers.BookController [http-nio-9001-exec-2] Splitting query, query: 
2020-06-01 11:44:49,025 INFO com.oc.api.web.controllers.AvailableCopieController [http-nio-9001-exec-3] Providing availablecopie resource from database: all availablecopie list
2020-06-01 11:46:00,297 INFO com.oc.api.ApiApplication [main] Starting ApiApplication on charles with PID 12284 (/home/charles/Dev/OC_Bibliotheque_P10/api/target/classes started by charles in /home/charles/Dev/OC_Bibliotheque_P10)
2020-06-01 11:46:00,299 DEBUG com.oc.api.ApiApplication [main] Running with Spring Boot v2.2.1.RELEASE, Spring v5.2.1.RELEASE
2020-06-01 11:46:00,299 INFO com.oc.api.ApiApplication [main] No active profile set, falling back to default profiles: default
2020-06-01 11:46:05,098 DEBUG com.oc.api.configuration.SwaggerConfig$$EnhancerBySpringCGLIB$$e25dd758 [main] Set Swagger2 documentation
2020-06-01 11:46:05,541 INFO com.oc.api.ApiApplication [main] Started ApiApplication in 5.608 seconds (JVM running for 6.313)
2020-06-01 11:46:19,329 INFO com.oc.api.web.controllers.BorrowController [http-nio-9001-exec-1] Return borrow, id: 1
2020-06-01 11:46:19,538 INFO com.oc.api.web.controllers.ReservationController [http-nio-9001-exec-2] Deleting reservation from database: id: 2
2020-06-01 11:46:32,854 INFO com.oc.api.web.controllers.BookController [http-nio-9001-exec-5] Providing book resource from database: all book list
2020-06-01 11:46:32,945 DEBUG com.oc.api.web.controllers.BookController [http-nio-9001-exec-5] Splitting query, query: 
2020-06-01 11:46:33,056 INFO com.oc.api.web.controllers.AvailableCopieController [http-nio-9001-exec-4] Providing availablecopie resource from database: all availablecopie list
2020-06-01 11:48:18,513 INFO com.oc.api.web.controllers.ReservationController [http-nio-9001-exec-9] Providing reservation resource from database: reservation id: 1
2020-06-01 11:50:44,570 INFO com.oc.api.web.controllers.ReservationController [http-nio-9001-exec-5] Updating reservation in database, id: 1
2020-06-01 11:51:14,579 INFO com.oc.api.ApiApplication [main] Starting ApiApplication on charles with PID 12568 (/home/charles/Dev/OC_Bibliotheque_P10/api/target/classes started by charles in /home/charles/Dev/OC_Bibliotheque_P10)
2020-06-01 11:51:14,582 DEBUG com.oc.api.ApiApplication [main] Running with Spring Boot v2.2.1.RELEASE, Spring v5.2.1.RELEASE
2020-06-01 11:51:14,583 INFO com.oc.api.ApiApplication [main] No active profile set, falling back to default profiles: default
2020-06-01 11:51:19,320 DEBUG com.oc.api.configuration.SwaggerConfig$$EnhancerBySpringCGLIB$$e4c3f13d [main] Set Swagger2 documentation
2020-06-01 11:51:20,028 INFO com.oc.api.ApiApplication [main] Started ApiApplication in 5.859 seconds (JVM running for 6.522)
2020-06-01 11:53:25,778 INFO com.oc.api.web.controllers.BorrowController [http-nio-9001-exec-1] Return borrow, id: 1
2020-06-01 11:53:34,450 INFO com.oc.api.web.controllers.ReservationController [http-nio-9001-exec-3] Deleting reservation from database: id: 2
2020-06-01 11:53:44,293 INFO com.oc.api.web.controllers.ReservationController [http-nio-9001-exec-4] Updating reservation in database, id: 1
2020-06-01 14:26:20,929 INFO com.oc.api.web.controllers.RegisteredUserController [http-nio-9001-exec-6] Search user by email: ccathala.dev@gmail.com
2020-06-01 14:26:21,285 INFO com.oc.api.web.controllers.BorrowController [http-nio-9001-exec-7] Providing borrow resources from database by user id: 1
2020-06-01 14:26:21,404 INFO com.oc.api.web.controllers.ReservationController [http-nio-9001-exec-8] Providing reservation list for registered user from database: user id: 1
2020-06-01 14:27:31,245 INFO com.oc.api.web.controllers.BorrowController [http-nio-9001-exec-10] Providing borrow resources from database by user id: 1
2020-06-01 14:27:31,328 INFO com.oc.api.web.controllers.ReservationController [http-nio-9001-exec-2] Providing reservation list for registered user from database: user id: 1
2020-06-01 14:27:34,016 INFO com.oc.api.web.controllers.BorrowController [http-nio-9001-exec-1] Providing borrow resources from database by user id: 1
2020-06-01 14:27:34,096 INFO com.oc.api.web.controllers.ReservationController [http-nio-9001-exec-3] Providing reservation list for registered user from database: user id: 1
2020-06-01 14:28:00,651 INFO com.oc.api.ApiApplication [main] Starting ApiApplication on charles with PID 17615 (/home/charles/Dev/OC_Bibliotheque_P10/api/target/classes started by charles in /home/charles/Dev/OC_Bibliotheque_P10)
2020-06-01 14:28:00,659 DEBUG com.oc.api.ApiApplication [main] Running with Spring Boot v2.2.1.RELEASE, Spring v5.2.1.RELEASE
2020-06-01 14:28:00,660 INFO com.oc.api.ApiApplication [main] No active profile set, falling back to default profiles: default
2020-06-01 14:28:05,279 DEBUG com.oc.api.configuration.SwaggerConfig$$EnhancerBySpringCGLIB$$57cfef52 [main] Set Swagger2 documentation
2020-06-01 14:28:05,690 INFO com.oc.api.ApiApplication [main] Started ApiApplication in 5.365 seconds (JVM running for 5.993)
2020-06-01 14:29:07,402 INFO com.oc.api.web.controllers.BorrowController [http-nio-9001-exec-1] Providing borrow resources from database by user id: 1
2020-06-01 14:29:07,674 INFO com.oc.api.web.controllers.ReservationController [http-nio-9001-exec-2] Providing reservation list for registered user from database: user id: 1
2020-06-01 14:29:24,973 INFO com.oc.api.ApiApplication [main] Starting ApiApplication on charles with PID 17736 (/home/charles/Dev/OC_Bibliotheque_P10/api/target/classes started by charles in /home/charles/Dev/OC_Bibliotheque_P10)
2020-06-01 14:29:24,976 DEBUG com.oc.api.ApiApplication [main] Running with Spring Boot v2.2.1.RELEASE, Spring v5.2.1.RELEASE
2020-06-01 14:29:24,977 INFO com.oc.api.ApiApplication [main] No active profile set, falling back to default profiles: default
2020-06-01 14:29:28,888 DEBUG com.oc.api.configuration.SwaggerConfig$$EnhancerBySpringCGLIB$$390abd0e [main] Set Swagger2 documentation
2020-06-01 14:29:29,405 INFO com.oc.api.ApiApplication [main] Started ApiApplication in 4.757 seconds (JVM running for 5.207)
2020-06-01 14:29:36,317 INFO com.oc.api.web.controllers.BorrowController [http-nio-9001-exec-1] Providing borrow resources from database by user id: 1
2020-06-01 14:29:36,595 INFO com.oc.api.web.controllers.ReservationController [http-nio-9001-exec-3] Providing reservation list for registered user from database: user id: 1
2020-06-01 14:29:39,242 INFO com.oc.api.web.controllers.BookController [http-nio-9001-exec-2] Providing book resource from database: all book list
2020-06-01 14:29:39,257 DEBUG com.oc.api.web.controllers.BookController [http-nio-9001-exec-2] Splitting query, query: 
2020-06-01 14:29:39,336 INFO com.oc.api.web.controllers.AvailableCopieController [http-nio-9001-exec-4] Providing availablecopie resource from database: all availablecopie list
2020-06-01 14:29:39,422 INFO com.oc.api.web.controllers.ReservationController [http-nio-9001-exec-5] Providing reservation list for registered user from database: user id: 1
2020-06-01 14:29:39,495 INFO com.oc.api.web.controllers.BorrowController [http-nio-9001-exec-6] Providing borrow resources from database by user id: 1
2020-06-01 14:29:44,444 INFO com.oc.api.web.controllers.BookController [http-nio-9001-exec-7] Providing book resource from database: all book list
2020-06-01 14:29:44,447 DEBUG com.oc.api.web.controllers.BookController [http-nio-9001-exec-7] Splitting query, query: 
2020-06-01 14:29:44,519 INFO com.oc.api.web.controllers.AvailableCopieController [http-nio-9001-exec-8] Providing availablecopie resource from database: all availablecopie list
2020-06-01 14:33:11,059 INFO com.oc.api.web.controllers.RegisteredUserController [http-nio-9001-exec-10] Search user by email: ccathala.dev@gmail.com
2020-06-01 14:33:11,217 INFO com.oc.api.web.controllers.BookController [http-nio-9001-exec-1] Providing book resource from database: all book list
2020-06-01 14:33:11,220 DEBUG com.oc.api.web.controllers.BookController [http-nio-9001-exec-1] Splitting query, query: 
2020-06-01 14:33:11,297 INFO com.oc.api.web.controllers.AvailableCopieController [http-nio-9001-exec-3] Providing availablecopie resource from database: all availablecopie list
2020-06-01 14:33:11,378 INFO com.oc.api.web.controllers.ReservationController [http-nio-9001-exec-2] Providing reservation list for registered user from database: user id: 1
2020-06-01 14:33:11,453 INFO com.oc.api.web.controllers.BorrowController [http-nio-9001-exec-4] Providing borrow resources from database by user id: 1
2020-06-01 14:33:14,702 INFO com.oc.api.web.controllers.BorrowController [http-nio-9001-exec-5] Providing borrow resources from database by user id: 1
2020-06-01 14:33:14,783 INFO com.oc.api.web.controllers.ReservationController [http-nio-9001-exec-6] Providing reservation list for registered user from database: user id: 1
2020-06-01 14:33:19,258 INFO com.oc.api.web.controllers.BookController [http-nio-9001-exec-7] Providing book resource from database: all book list
2020-06-01 14:33:19,261 DEBUG com.oc.api.web.controllers.BookController [http-nio-9001-exec-7] Splitting query, query: 
2020-06-01 14:33:19,335 INFO com.oc.api.web.controllers.AvailableCopieController [http-nio-9001-exec-8] Providing availablecopie resource from database: all availablecopie list
2020-06-01 14:33:19,419 INFO com.oc.api.web.controllers.ReservationController [http-nio-9001-exec-9] Providing reservation list for registered user from database: user id: 1
2020-06-01 14:33:19,498 INFO com.oc.api.web.controllers.BorrowController [http-nio-9001-exec-10] Providing borrow resources from database by user id: 1
2020-06-01 14:33:49,231 INFO com.oc.api.web.controllers.BorrowController [http-nio-9001-exec-1] Return borrow, id: 1
2020-06-01 14:33:54,010 INFO com.oc.api.web.controllers.BorrowController [http-nio-9001-exec-2] Providing borrow resources from database by user id: 1
2020-06-01 14:33:54,090 INFO com.oc.api.web.controllers.ReservationController [http-nio-9001-exec-4] Providing reservation list for registered user from database: user id: 1
2020-06-01 14:33:56,841 INFO com.oc.api.web.controllers.BookController [http-nio-9001-exec-5] Providing book resource from database: all book list
2020-06-01 14:33:56,845 DEBUG com.oc.api.web.controllers.BookController [http-nio-9001-exec-5] Splitting query, query: 
2020-06-01 14:33:56,922 INFO com.oc.api.web.controllers.AvailableCopieController [http-nio-9001-exec-6] Providing availablecopie resource from database: all availablecopie list
2020-06-01 14:33:57,007 INFO com.oc.api.web.controllers.ReservationController [http-nio-9001-exec-7] Providing reservation list for registered user from database: user id: 1
2020-06-01 14:33:57,085 INFO com.oc.api.web.controllers.BorrowController [http-nio-9001-exec-8] Providing borrow resources from database by user id: 1
2020-06-01 14:34:03,150 INFO com.oc.api.web.controllers.BookController [http-nio-9001-exec-10] Providing book resource from database: all book list
2020-06-01 14:34:03,154 DEBUG com.oc.api.web.controllers.BookController [http-nio-9001-exec-10] Splitting query, query: 
2020-06-01 14:34:03,232 INFO com.oc.api.web.controllers.AvailableCopieController [http-nio-9001-exec-3] Providing availablecopie resource from database: all availablecopie list
2020-06-01 14:34:03,310 INFO com.oc.api.web.controllers.ReservationController [http-nio-9001-exec-1] Providing reservation list for registered user from database: user id: 1
2020-06-01 14:34:03,388 INFO com.oc.api.web.controllers.BorrowController [http-nio-9001-exec-2] Providing borrow resources from database by user id: 1
2020-06-01 14:34:11,405 INFO com.oc.api.web.controllers.ReservationController [http-nio-9001-exec-5] Adding new reservation in database
2020-06-01 14:34:11,519 INFO com.oc.api.web.controllers.BookController [http-nio-9001-exec-6] Providing book resource from database: all book list
2020-06-01 14:34:11,521 DEBUG com.oc.api.web.controllers.BookController [http-nio-9001-exec-6] Splitting query, query: 
2020-06-01 14:34:11,594 INFO com.oc.api.web.controllers.AvailableCopieController [http-nio-9001-exec-7] Providing availablecopie resource from database: all availablecopie list
2020-06-01 14:34:11,674 INFO com.oc.api.web.controllers.ReservationController [http-nio-9001-exec-8] Providing reservation list for registered user from database: user id: 1
2020-06-01 14:34:11,750 INFO com.oc.api.web.controllers.BorrowController [http-nio-9001-exec-9] Providing borrow resources from database by user id: 1
2020-06-01 14:34:14,195 INFO com.oc.api.web.controllers.BorrowController [http-nio-9001-exec-10] Providing borrow resources from database by user id: 1
2020-06-01 14:34:14,273 INFO com.oc.api.web.controllers.ReservationController [http-nio-9001-exec-3] Providing reservation list for registered user from database: user id: 1
2020-06-01 14:34:23,385 INFO com.oc.api.web.controllers.ReservationController [http-nio-9001-exec-2] Deleting reservation from database: id: 3
2020-06-01 14:34:23,482 INFO com.oc.api.web.controllers.BorrowController [http-nio-9001-exec-4] Providing borrow resources from database by user id: 1
2020-06-01 14:34:23,558 INFO com.oc.api.web.controllers.ReservationController [http-nio-9001-exec-5] Providing reservation list for registered user from database: user id: 1
2020-06-01 14:34:26,106 INFO com.oc.api.web.controllers.BookController [http-nio-9001-exec-6] Providing book resource from database: all book list
2020-06-01 14:34:26,108 DEBUG com.oc.api.web.controllers.BookController [http-nio-9001-exec-6] Splitting query, query: 
2020-06-01 14:34:26,183 INFO com.oc.api.web.controllers.AvailableCopieController [http-nio-9001-exec-7] Providing availablecopie resource from database: all availablecopie list
2020-06-01 14:34:26,271 INFO com.oc.api.web.controllers.ReservationController [http-nio-9001-exec-8] Providing reservation list for registered user from database: user id: 1
2020-06-01 14:34:26,348 INFO com.oc.api.web.controllers.BorrowController [http-nio-9001-exec-9] Providing borrow resources from database by user id: 1
2020-06-01 14:34:30,304 INFO com.oc.api.web.controllers.ReservationController [http-nio-9001-exec-10] Adding new reservation in database
2020-06-01 14:34:30,394 INFO com.oc.api.web.controllers.BookController [http-nio-9001-exec-3] Providing book resource from database: all book list
2020-06-01 14:34:30,396 DEBUG com.oc.api.web.controllers.BookController [http-nio-9001-exec-3] Splitting query, query: 
2020-06-01 14:34:30,467 INFO com.oc.api.web.controllers.AvailableCopieController [http-nio-9001-exec-1] Providing availablecopie resource from database: all availablecopie list
2020-06-01 14:34:30,546 INFO com.oc.api.web.controllers.ReservationController [http-nio-9001-exec-2] Providing reservation list for registered user from database: user id: 1
2020-06-01 14:34:30,619 INFO com.oc.api.web.controllers.BorrowController [http-nio-9001-exec-4] Providing borrow resources from database by user id: 1
2020-06-01 14:34:37,557 INFO com.oc.api.web.controllers.ReservationController [http-nio-9001-exec-5] Deleting reservation from database: id: 2
2020-06-01 14:34:42,206 INFO com.oc.api.web.controllers.ReservationController [http-nio-9001-exec-7] Updating reservation in database, id: 1
2020-06-01 14:36:00,110 INFO com.oc.api.web.controllers.ReservationController [http-nio-9001-exec-9] Deleting outdated reservations from database
2020-06-01 14:36:00,110 DEBUG com.oc.api.manager.impl.OutDatedReservationManagerImpl [http-nio-9001-exec-9] Deleting outdated reservations
2020-06-01 14:36:00,209 INFO com.oc.api.web.controllers.ReservationController [http-nio-9001-exec-10] Providing reservation resource from database: all reservation list
2020-06-01 14:36:02,218 INFO com.oc.api.web.controllers.ReservationController [http-nio-9001-exec-3] Update reservation after notfications is sent, reservation id: 4
2020-06-01 14:52:41,111 INFO com.oc.api.ApiApplication [main] Starting ApiApplication on charles with PID 18723 (/home/charles/Dev/OC_Bibliotheque_P10/api/target/classes started by charles in /home/charles/Dev/OC_Bibliotheque_P10)
2020-06-01 14:52:41,114 DEBUG com.oc.api.ApiApplication [main] Running with Spring Boot v2.2.1.RELEASE, Spring v5.2.1.RELEASE
2020-06-01 14:52:41,114 INFO com.oc.api.ApiApplication [main] No active profile set, falling back to default profiles: default
2020-06-01 14:52:45,822 DEBUG com.oc.api.configuration.SwaggerConfig$$EnhancerBySpringCGLIB$$89f2559b [main] Set Swagger2 documentation
2020-06-01 14:52:46,267 INFO com.oc.api.ApiApplication [main] Started ApiApplication in 5.519 seconds (JVM running for 6.125)
2020-06-01 15:08:46,771 INFO com.oc.api.ApiApplication [main] Starting ApiApplication on charles with PID 19655 (/home/charles/Dev/OC_Bibliotheque_P10/api/target/classes started by charles in /home/charles/Dev/OC_Bibliotheque_P10)
2020-06-01 15:08:46,779 DEBUG com.oc.api.ApiApplication [main] Running with Spring Boot v2.2.1.RELEASE, Spring v5.2.1.RELEASE
2020-06-01 15:08:46,779 INFO com.oc.api.ApiApplication [main] No active profile set, falling back to default profiles: default
2020-06-01 15:08:51,947 DEBUG com.oc.api.configuration.SwaggerConfig$$EnhancerBySpringCGLIB$$23b391e5 [main] Set Swagger2 documentation
2020-06-01 15:08:52,439 INFO com.oc.api.ApiApplication [main] Started ApiApplication in 6.122 seconds (JVM running for 6.839)
2020-06-01 15:11:52,073 INFO com.oc.api.web.controllers.RegisteredUserController [http-nio-9001-exec-1] Search user by email: ccathala.dev@gmail.com
2020-06-01 15:11:52,438 INFO com.oc.api.web.controllers.BorrowController [http-nio-9001-exec-2] Providing borrow resources from database by user id: 1
2020-06-01 15:11:52,583 INFO com.oc.api.web.controllers.ReservationController [http-nio-9001-exec-3] Providing reservation list for registered user from database: user id: 1
2020-06-01 15:12:00,595 INFO com.oc.api.web.controllers.BookController [http-nio-9001-exec-5] Providing book resource from database: all book list
2020-06-01 15:12:00,617 DEBUG com.oc.api.web.controllers.BookController [http-nio-9001-exec-5] Splitting query, query: 
2020-06-01 15:12:00,701 INFO com.oc.api.web.controllers.AvailableCopieController [http-nio-9001-exec-6] Providing availablecopie resource from database: all availablecopie list
2020-06-01 15:12:00,796 INFO com.oc.api.web.controllers.ReservationController [http-nio-9001-exec-8] Providing reservation list for registered user from database: user id: 1
2020-06-01 15:12:00,876 INFO com.oc.api.web.controllers.BorrowController [http-nio-9001-exec-7] Providing borrow resources from database by user id: 1
2020-06-01 15:12:41,210 INFO com.oc.api.web.controllers.BorrowController [http-nio-9001-exec-1] Return borrow, id: 1
2020-06-01 15:12:45,267 INFO com.oc.api.web.controllers.BorrowController [http-nio-9001-exec-2] Providing borrow resources from database by user id: 1
2020-06-01 15:12:45,358 INFO com.oc.api.web.controllers.ReservationController [http-nio-9001-exec-3] Providing reservation list for registered user from database: user id: 1
2020-06-01 15:12:47,796 INFO com.oc.api.web.controllers.BookController [http-nio-9001-exec-4] Providing book resource from database: all book list
2020-06-01 15:12:47,800 DEBUG com.oc.api.web.controllers.BookController [http-nio-9001-exec-4] Splitting query, query: 
2020-06-01 15:12:47,878 INFO com.oc.api.web.controllers.AvailableCopieController [http-nio-9001-exec-5] Providing availablecopie resource from database: all availablecopie list
2020-06-01 15:12:47,970 INFO com.oc.api.web.controllers.ReservationController [http-nio-9001-exec-6] Providing reservation list for registered user from database: user id: 1
2020-06-01 15:12:48,053 INFO com.oc.api.web.controllers.BorrowController [http-nio-9001-exec-8] Providing borrow resources from database by user id: 1
2020-06-01 15:12:55,210 INFO com.oc.api.web.controllers.ReservationController [http-nio-9001-exec-9] Adding new reservation in database
2020-06-01 15:12:55,341 INFO com.oc.api.web.controllers.BookController [http-nio-9001-exec-10] Providing book resource from database: all book list
2020-06-01 15:12:55,343 DEBUG com.oc.api.web.controllers.BookController [http-nio-9001-exec-10] Splitting query, query: 
2020-06-01 15:12:55,429 INFO com.oc.api.web.controllers.AvailableCopieController [http-nio-9001-exec-1] Providing availablecopie resource from database: all availablecopie list
2020-06-01 15:12:55,540 INFO com.oc.api.web.controllers.ReservationController [http-nio-9001-exec-2] Providing reservation list for registered user from database: user id: 1
2020-06-01 15:12:55,625 INFO com.oc.api.web.controllers.BorrowController [http-nio-9001-exec-3] Providing borrow resources from database by user id: 1
2020-06-01 15:12:59,000 INFO com.oc.api.web.controllers.BorrowController [http-nio-9001-exec-4] Providing borrow resources from database by user id: 1
2020-06-01 15:12:59,083 INFO com.oc.api.web.controllers.ReservationController [http-nio-9001-exec-5] Providing reservation list for registered user from database: user id: 1
2020-06-01 15:13:11,584 INFO com.oc.api.web.controllers.ReservationController [http-nio-9001-exec-8] Deleting reservation from database: id: 3
2020-06-01 15:13:11,692 INFO com.oc.api.web.controllers.BorrowController [http-nio-9001-exec-7] Providing borrow resources from database by user id: 1
2020-06-01 15:13:11,776 INFO com.oc.api.web.controllers.ReservationController [http-nio-9001-exec-9] Providing reservation list for registered user from database: user id: 1
2020-06-01 15:13:15,100 INFO com.oc.api.web.controllers.BookController [http-nio-9001-exec-10] Providing book resource from database: all book list
2020-06-01 15:13:15,103 DEBUG com.oc.api.web.controllers.BookController [http-nio-9001-exec-10] Splitting query, query: 
2020-06-01 15:13:15,190 INFO com.oc.api.web.controllers.AvailableCopieController [http-nio-9001-exec-1] Providing availablecopie resource from database: all availablecopie list
2020-06-01 15:13:15,282 INFO com.oc.api.web.controllers.ReservationController [http-nio-9001-exec-2] Providing reservation list for registered user from database: user id: 1
2020-06-01 15:13:15,360 INFO com.oc.api.web.controllers.BorrowController [http-nio-9001-exec-3] Providing borrow resources from database by user id: 1
2020-06-01 15:13:21,297 INFO com.oc.api.web.controllers.ReservationController [http-nio-9001-exec-5] Adding new reservation in database
2020-06-01 15:13:21,397 INFO com.oc.api.web.controllers.BookController [http-nio-9001-exec-6] Providing book resource from database: all book list
2020-06-01 15:13:21,399 DEBUG com.oc.api.web.controllers.BookController [http-nio-9001-exec-6] Splitting query, query: 
2020-06-01 15:13:21,477 INFO com.oc.api.web.controllers.AvailableCopieController [http-nio-9001-exec-8] Providing availablecopie resource from database: all availablecopie list
2020-06-01 15:13:21,564 INFO com.oc.api.web.controllers.ReservationController [http-nio-9001-exec-7] Providing reservation list for registered user from database: user id: 1
2020-06-01 15:13:21,643 INFO com.oc.api.web.controllers.BorrowController [http-nio-9001-exec-9] Providing borrow resources from database by user id: 1
2020-06-01 15:13:37,229 INFO com.oc.api.web.controllers.ReservationController [http-nio-9001-exec-1] Deleting reservation from database: id: 2
2020-06-01 15:14:09,884 INFO com.oc.api.web.controllers.ReservationController [http-nio-9001-exec-2] Deleting reservation from database: id: 2
2020-06-01 15:14:09,892 ERROR org.apache.catalina.core.ContainerBase.[Tomcat].[localhost].[/].[dispatcherServlet] [http-nio-9001-exec-2] Servlet.service() for servlet [dispatcherServlet] in context with path [] threw exception [Request processing failed; nested exception is java.util.NoSuchElementException: No value present] with root cause
java.util.NoSuchElementException: No value present
	at java.util.Optional.get(Optional.java:135)
	at com.oc.api.manager.impl.ReservationManagerImpl.deleteById(ReservationManagerImpl.java:66)
	at com.oc.api.manager.impl.ReservationManagerImpl$$FastClassBySpringCGLIB$$8edf378d.invoke(<generated>)
	at org.springframework.cglib.proxy.MethodProxy.invoke(MethodProxy.java:218)
	at org.springframework.aop.framework.CglibAopProxy$CglibMethodInvocation.invokeJoinpoint(CglibAopProxy.java:769)
	at org.springframework.aop.framework.ReflectiveMethodInvocation.proceed(ReflectiveMethodInvocation.java:163)
	at org.springframework.aop.framework.CglibAopProxy$CglibMethodInvocation.proceed(CglibAopProxy.java:747)
	at org.springframework.transaction.interceptor.TransactionAspectSupport.invokeWithinTransaction(TransactionAspectSupport.java:366)
	at org.springframework.transaction.interceptor.TransactionInterceptor.invoke(TransactionInterceptor.java:99)
	at org.springframework.aop.framework.ReflectiveMethodInvocation.proceed(ReflectiveMethodInvocation.java:186)
	at org.springframework.aop.framework.CglibAopProxy$CglibMethodInvocation.proceed(CglibAopProxy.java:747)
	at org.springframework.aop.framework.CglibAopProxy$DynamicAdvisedInterceptor.intercept(CglibAopProxy.java:689)
	at com.oc.api.manager.impl.ReservationManagerImpl$$EnhancerBySpringCGLIB$$4b000553.deleteById(<generated>)
	at com.oc.api.web.controllers.ReservationController.deleteReservation(ReservationController.java:110)
	at com.oc.api.web.controllers.ReservationController$$FastClassBySpringCGLIB$$48d920d6.invoke(<generated>)
	at org.springframework.cglib.proxy.MethodProxy.invoke(MethodProxy.java:218)
	at org.springframework.aop.framework.CglibAopProxy$CglibMethodInvocation.invokeJoinpoint(CglibAopProxy.java:769)
	at org.springframework.aop.framework.ReflectiveMethodInvocation.proceed(ReflectiveMethodInvocation.java:163)
	at org.springframework.aop.framework.CglibAopProxy$CglibMethodInvocation.proceed(CglibAopProxy.java:747)
	at org.springframework.validation.beanvalidation.MethodValidationInterceptor.invoke(MethodValidationInterceptor.java:120)
	at org.springframework.aop.framework.ReflectiveMethodInvocation.proceed(ReflectiveMethodInvocation.java:186)
	at org.springframework.aop.framework.CglibAopProxy$CglibMethodInvocation.proceed(CglibAopProxy.java:747)
	at org.springframework.aop.framework.CglibAopProxy$DynamicAdvisedInterceptor.intercept(CglibAopProxy.java:689)
	at com.oc.api.web.controllers.ReservationController$$EnhancerBySpringCGLIB$$82ccf0a7.deleteReservation(<generated>)
	at sun.reflect.NativeMethodAccessorImpl.invoke0(Native Method)
	at sun.reflect.NativeMethodAccessorImpl.invoke(NativeMethodAccessorImpl.java:62)
	at sun.reflect.DelegatingMethodAccessorImpl.invoke(DelegatingMethodAccessorImpl.java:43)
	at java.lang.reflect.Method.invoke(Method.java:498)
	at org.springframework.web.method.support.InvocableHandlerMethod.doInvoke(InvocableHandlerMethod.java:190)
	at org.springframework.web.method.support.InvocableHandlerMethod.invokeForRequest(InvocableHandlerMethod.java:138)
	at org.springframework.web.servlet.mvc.method.annotation.ServletInvocableHandlerMethod.invokeAndHandle(ServletInvocableHandlerMethod.java:106)
	at org.springframework.web.servlet.mvc.method.annotation.RequestMappingHandlerAdapter.invokeHandlerMethod(RequestMappingHandlerAdapter.java:888)
	at org.springframework.web.servlet.mvc.method.annotation.RequestMappingHandlerAdapter.handleInternal(RequestMappingHandlerAdapter.java:793)
	at org.springframework.web.servlet.mvc.method.AbstractHandlerMethodAdapter.handle(AbstractHandlerMethodAdapter.java:87)
	at org.springframework.web.servlet.DispatcherServlet.doDispatch(DispatcherServlet.java:1040)
	at org.springframework.web.servlet.DispatcherServlet.doService(DispatcherServlet.java:943)
	at org.springframework.web.servlet.FrameworkServlet.processRequest(FrameworkServlet.java:1006)
	at org.springframework.web.servlet.FrameworkServlet.doDelete(FrameworkServlet.java:931)
	at javax.servlet.http.HttpServlet.service(HttpServlet.java:666)
	at org.springframework.web.servlet.FrameworkServlet.service(FrameworkServlet.java:883)
	at javax.servlet.http.HttpServlet.service(HttpServlet.java:741)
	at org.apache.catalina.core.ApplicationFilterChain.internalDoFilter(ApplicationFilterChain.java:231)
	at org.apache.catalina.core.ApplicationFilterChain.doFilter(ApplicationFilterChain.java:166)
	at org.apache.tomcat.websocket.server.WsFilter.doFilter(WsFilter.java:53)
	at org.apache.catalina.core.ApplicationFilterChain.internalDoFilter(ApplicationFilterChain.java:193)
	at org.apache.catalina.core.ApplicationFilterChain.doFilter(ApplicationFilterChain.java:166)
	at org.springframework.security.web.FilterChainProxy$VirtualFilterChain.doFilter(FilterChainProxy.java:320)
	at org.springframework.security.web.access.intercept.FilterSecurityInterceptor.invoke(FilterSecurityInterceptor.java:126)
	at org.springframework.security.web.access.intercept.FilterSecurityInterceptor.doFilter(FilterSecurityInterceptor.java:90)
	at org.springframework.security.web.FilterChainProxy$VirtualFilterChain.doFilter(FilterChainProxy.java:334)
	at org.springframework.security.web.access.ExceptionTranslationFilter.doFilter(ExceptionTranslationFilter.java:118)
	at org.springframework.security.web.FilterChainProxy$VirtualFilterChain.doFilter(FilterChainProxy.java:334)
	at org.springframework.security.web.session.SessionManagementFilter.doFilter(SessionManagementFilter.java:137)
	at org.springframework.security.web.FilterChainProxy$VirtualFilterChain.doFilter(FilterChainProxy.java:334)
	at org.springframework.security.web.authentication.AnonymousAuthenticationFilter.doFilter(AnonymousAuthenticationFilter.java:111)
	at org.springframework.security.web.FilterChainProxy$VirtualFilterChain.doFilter(FilterChainProxy.java:334)
	at org.springframework.security.web.servletapi.SecurityContextHolderAwareRequestFilter.doFilter(SecurityContextHolderAwareRequestFilter.java:158)
	at org.springframework.security.web.FilterChainProxy$VirtualFilterChain.doFilter(FilterChainProxy.java:334)
	at org.springframework.security.web.savedrequest.RequestCacheAwareFilter.doFilter(RequestCacheAwareFilter.java:63)
	at org.springframework.security.web.FilterChainProxy$VirtualFilterChain.doFilter(FilterChainProxy.java:334)
	at org.springframework.security.web.authentication.www.BasicAuthenticationFilter.doFilterInternal(BasicAuthenticationFilter.java:203)
	at org.springframework.web.filter.OncePerRequestFilter.doFilter(OncePerRequestFilter.java:119)
	at org.springframework.security.web.FilterChainProxy$VirtualFilterChain.doFilter(FilterChainProxy.java:334)
	at org.springframework.security.web.authentication.logout.LogoutFilter.doFilter(LogoutFilter.java:116)
	at org.springframework.security.web.FilterChainProxy$VirtualFilterChain.doFilter(FilterChainProxy.java:334)
	at org.springframework.security.web.header.HeaderWriterFilter.doHeadersAfter(HeaderWriterFilter.java:92)
	at org.springframework.security.web.header.HeaderWriterFilter.doFilterInternal(HeaderWriterFilter.java:77)
	at org.springframework.web.filter.OncePerRequestFilter.doFilter(OncePerRequestFilter.java:119)
	at org.springframework.security.web.FilterChainProxy$VirtualFilterChain.doFilter(FilterChainProxy.java:334)
	at org.springframework.security.web.context.SecurityContextPersistenceFilter.doFilter(SecurityContextPersistenceFilter.java:105)
	at org.springframework.security.web.FilterChainProxy$VirtualFilterChain.doFilter(FilterChainProxy.java:334)
	at org.springframework.security.web.context.request.async.WebAsyncManagerIntegrationFilter.doFilterInternal(WebAsyncManagerIntegrationFilter.java:56)
	at org.springframework.web.filter.OncePerRequestFilter.doFilter(OncePerRequestFilter.java:119)
	at org.springframework.security.web.FilterChainProxy$VirtualFilterChain.doFilter(FilterChainProxy.java:334)
	at org.springframework.security.web.FilterChainProxy.doFilterInternal(FilterChainProxy.java:215)
	at org.springframework.security.web.FilterChainProxy.doFilter(FilterChainProxy.java:178)
	at org.springframework.web.filter.DelegatingFilterProxy.invokeDelegate(DelegatingFilterProxy.java:358)
	at org.springframework.web.filter.DelegatingFilterProxy.doFilter(DelegatingFilterProxy.java:271)
	at org.apache.catalina.core.ApplicationFilterChain.internalDoFilter(ApplicationFilterChain.java:193)
	at org.apache.catalina.core.ApplicationFilterChain.doFilter(ApplicationFilterChain.java:166)
	at org.springframework.web.filter.RequestContextFilter.doFilterInternal(RequestContextFilter.java:100)
	at org.springframework.web.filter.OncePerRequestFilter.doFilter(OncePerRequestFilter.java:119)
	at org.apache.catalina.core.ApplicationFilterChain.internalDoFilter(ApplicationFilterChain.java:193)
	at org.apache.catalina.core.ApplicationFilterChain.doFilter(ApplicationFilterChain.java:166)
	at org.springframework.web.filter.FormContentFilter.doFilterInternal(FormContentFilter.java:93)
	at org.springframework.web.filter.OncePerRequestFilter.doFilter(OncePerRequestFilter.java:119)
	at org.apache.catalina.core.ApplicationFilterChain.internalDoFilter(ApplicationFilterChain.java:193)
	at org.apache.catalina.core.ApplicationFilterChain.doFilter(ApplicationFilterChain.java:166)
	at org.springframework.web.filter.CharacterEncodingFilter.doFilterInternal(CharacterEncodingFilter.java:201)
	at org.springframework.web.filter.OncePerRequestFilter.doFilter(OncePerRequestFilter.java:119)
	at org.apache.catalina.core.ApplicationFilterChain.internalDoFilter(ApplicationFilterChain.java:193)
	at org.apache.catalina.core.ApplicationFilterChain.doFilter(ApplicationFilterChain.java:166)
	at org.apache.catalina.core.StandardWrapperValve.invoke(StandardWrapperValve.java:202)
	at org.apache.catalina.core.StandardContextValve.invoke(StandardContextValve.java:96)
	at org.apache.catalina.authenticator.AuthenticatorBase.invoke(AuthenticatorBase.java:526)
	at org.apache.catalina.core.StandardHostValve.invoke(StandardHostValve.java:139)
	at org.apache.catalina.valves.ErrorReportValve.invoke(ErrorReportValve.java:92)
	at org.apache.catalina.core.StandardEngineValve.invoke(StandardEngineValve.java:74)
	at org.apache.catalina.connector.CoyoteAdapter.service(CoyoteAdapter.java:343)
	at org.apache.coyote.http11.Http11Processor.service(Http11Processor.java:408)
	at org.apache.coyote.AbstractProcessorLight.process(AbstractProcessorLight.java:66)
	at org.apache.coyote.AbstractProtocol$ConnectionHandler.process(AbstractProtocol.java:861)
	at org.apache.tomcat.util.net.NioEndpoint$SocketProcessor.doRun(NioEndpoint.java:1579)
	at org.apache.tomcat.util.net.SocketProcessorBase.run(SocketProcessorBase.java:49)
	at java.util.concurrent.ThreadPoolExecutor.runWorker(ThreadPoolExecutor.java:1149)
	at java.util.concurrent.ThreadPoolExecutor$Worker.run(ThreadPoolExecutor.java:624)
	at org.apache.tomcat.util.threads.TaskThread$WrappingRunnable.run(TaskThread.java:61)
	at java.lang.Thread.run(Thread.java:748)
2020-06-01 15:14:13,612 INFO com.oc.api.web.controllers.ReservationController [http-nio-9001-exec-4] Updating reservation in database, id: 1
2020-06-01 15:15:00,100 INFO com.oc.api.web.controllers.ReservationController [http-nio-9001-exec-5] Deleting outdated reservations from database
2020-06-01 15:15:00,101 DEBUG com.oc.api.manager.impl.OutDatedReservationManagerImpl [http-nio-9001-exec-5] Deleting outdated reservations
2020-06-01 15:15:00,213 INFO com.oc.api.web.controllers.ReservationController [http-nio-9001-exec-6] Providing reservation resource from database: all reservation list
2020-06-01 15:15:02,316 INFO com.oc.api.web.controllers.ReservationController [http-nio-9001-exec-8] Update reservation after notfications is sent, reservation id: 4
